<html>
<head>
<title>TestNG:  Default test</title>
<link href="../testng.css" rel="stylesheet" type="text/css" />
<link href="../my-testng.css" rel="stylesheet" type="text/css" />

<style type="text/css">
.log { display: none;} 
.stack-trace { display: none;} 
</style>
<script type="text/javascript">
<!--
function flip(e) {
  current = e.style.display;
  if (current == 'block') {
    e.style.display = 'none';
    return 0;
  }
  else {
    e.style.display = 'block';
    return 1;
  }
}

function toggleBox(szDivId, elem, msg1, msg2)
{
  var res = -1;  if (document.getElementById) {
    res = flip(document.getElementById(szDivId));
  }
  else if (document.all) {
    // this is the way old msie versions work
    res = flip(document.all[szDivId]);
  }
  if(elem) {
    if(res == 0) elem.innerHTML = msg1; else elem.innerHTML = msg2;
  }

}

function toggleAllBoxes() {
  if (document.getElementsByTagName) {
    d = document.getElementsByTagName('div');
    for (i = 0; i < d.length; i++) {
      if (d[i].className == 'log') {
        flip(d[i]);
      }
    }
  }
}

// -->
</script>

</head>
<body>
<h2 align='center'>Default test</h2><table border='1' align="center">
<tr>
<td>Tests passed/Failed/Skipped:</td><td>11/1/0</td>
</tr><tr>
<td>Started on:</td><td>Thu Jun 11 13:47:14 IST 2020</td>
</tr>
<tr><td>Total time:</td><td>608 seconds (608124 ms)</td>
</tr><tr>
<td>Included groups:</td><td></td>
</tr><tr>
<td>Excluded groups:</td><td></td>
</tr>
</table><p/>
<small><i>(Hover the method name to see the test class name)</i></small><p/>
<table width='100%' border='1' class='invocation-failed'>
<tr><td colspan='4' align='center'><b>FAILED TESTS</b></td></tr>
<tr><td><b>Test method</b></td>
<td width="30%"><b>Exception</b></td>
<td width="10%"><b>Time (seconds)</b></td>
<td><b>Instance</b></td>
</tr>
<tr>
<td title='com.ether.runner.CucumberTestRunner.feature()'><b>feature</b><br>Test class: com.ether.runner.CucumberTestRunner<br>Test method: Runs Cucumber Feature<br>Parameters: RememberMe Function</td>
<td><div><pre>cucumber.runtime.CucumberException: java.lang.AssertionError: null
	at cucumber.api.testng.TestNGCucumberRunner.runCucumber(TestNGCucumberRunner.java:69)
	at cucumber.api.testng.AbstractTestNGCucumberTests.feature(AbstractTestNGCucumberTests.java:21)
	at sun.reflect.NativeMethodAccessorImpl.invoke0(Native Method)
	at sun.reflect.NativeMethodAccessorImpl.invoke(Unknown Source)
	at sun.reflect.DelegatingMethodAccessorImpl.invoke(Unknown Source)
	at java.lang.reflect.Method.invoke(Unknown Source)
	at org.testng.internal.MethodInvocationHelper.invokeMethod(MethodInvocationHelper.java:124)
	at org.testng.internal.Invoker.invokeMethod(Invoker.java:580)
	at org.testng.internal.Invoker.invokeTestMethod(Invoker.java:716)
	at org.testng.internal.Invoker.invokeTestMethods(Invoker.java:988)
	at org.testng.internal.TestMethodWorker.invokeTestMethods(TestMethodWorker.java:125)
	at org.testng.internal.TestMethodWorker.run(TestMethodWorker.java:109)
	at org.testng.TestRunner.privateRun(TestRunner.java:648)
	at org.testng.TestRunner.run(TestRunner.java:505)
	at org.testng.SuiteRunner.runTest(SuiteRunner.java:455)
	at org.testng.SuiteRunner.runSequentially(SuiteRunner.java:450)
	at org.testng.SuiteRunner.privateRun(SuiteRunner.java:415)
	at org.testng.SuiteRunner.run(SuiteRunner.java:364)
	at org.testng.SuiteRunnerWorker.runSuite(SuiteRunnerWorker.java:52)
	at org.testng.SuiteRunnerWorker.run(SuiteRunnerWorker.java:84)
	at org.testng.TestNG.runSuitesSequentially(TestNG.java:1208)
	at org.testng.TestNG.runSuitesLocally(TestNG.java:1137)
	at org.testng.TestNG.runSuites(TestNG.java:1049)
	at org.testng.TestNG.run(TestNG.java:1017)
	at org.testng.remote.AbstractRemoteTestNG.run(AbstractRemoteTestNG.java:115)
	at org.testng.remote.RemoteTestNG.initAndRun(RemoteTestNG.java:251)
	at org.testng.remote.RemoteTestNG.main(RemoteTestNG.java:77)
Caused by: java.lang.AssertionError: null
	at org.testng.Assert.fail(Assert.java:96)
	at org.testng.Assert.fail(Assert.java:103)
	at com.ether.steps.SampleTestLogin.verify_default_username_content_in_the_username_textbox(SampleTestLogin.java:91)
	at ?.And verify default username content in the username textbox(RememberMe_vineeth.feature:13)
</pre></div><a href='#' onClick='toggleBox("stack-trace607578671", this, "Click to show all stack frames", "Click to hide stack frames")'>Click to show all stack frames</a>
<div class='stack-trace' id='stack-trace607578671'><pre>cucumber.runtime.CucumberException: java.lang.AssertionError: null
	at cucumber.api.testng.TestNGCucumberRunner.runCucumber(TestNGCucumberRunner.java:69)
	at cucumber.api.testng.AbstractTestNGCucumberTests.feature(AbstractTestNGCucumberTests.java:21)
	at sun.reflect.NativeMethodAccessorImpl.invoke0(Native Method)
	at sun.reflect.NativeMethodAccessorImpl.invoke(Unknown Source)
	at sun.reflect.DelegatingMethodAccessorImpl.invoke(Unknown Source)
	at java.lang.reflect.Method.invoke(Unknown Source)
	at org.testng.internal.MethodInvocationHelper.invokeMethod(MethodInvocationHelper.java:124)
	at org.testng.internal.Invoker.invokeMethod(Invoker.java:580)
	at org.testng.internal.Invoker.invokeTestMethod(Invoker.java:716)
	at org.testng.internal.Invoker.invokeTestMethods(Invoker.java:988)
	at org.testng.internal.TestMethodWorker.invokeTestMethods(TestMethodWorker.java:125)
	at org.testng.internal.TestMethodWorker.run(TestMethodWorker.java:109)
	at org.testng.TestRunner.privateRun(TestRunner.java:648)
	at org.testng.TestRunner.run(TestRunner.java:505)
	at org.testng.SuiteRunner.runTest(SuiteRunner.java:455)
	at org.testng.SuiteRunner.runSequentially(SuiteRunner.java:450)
	at org.testng.SuiteRunner.privateRun(SuiteRunner.java:415)
	at org.testng.SuiteRunner.run(SuiteRunner.java:364)
	at org.testng.SuiteRunnerWorker.runSuite(SuiteRunnerWorker.java:52)
	at org.testng.SuiteRunnerWorker.run(SuiteRunnerWorker.java:84)
	at org.testng.TestNG.runSuitesSequentially(TestNG.java:1208)
	at org.testng.TestNG.runSuitesLocally(TestNG.java:1137)
	at org.testng.TestNG.runSuites(TestNG.java:1049)
	at org.testng.TestNG.run(TestNG.java:1017)
	at org.testng.remote.AbstractRemoteTestNG.run(AbstractRemoteTestNG.java:115)
	at org.testng.remote.RemoteTestNG.initAndRun(RemoteTestNG.java:251)
	at org.testng.remote.RemoteTestNG.main(RemoteTestNG.java:77)
Caused by: java.lang.AssertionError: null
	at org.testng.Assert.fail(Assert.java:96)
	at org.testng.Assert.fail(Assert.java:103)
	at com.ether.steps.SampleTestLogin.verify_default_username_content_in_the_username_textbox(SampleTestLogin.java:91)
	at ?.And verify default username content in the username textbox(RememberMe_vineeth.feature:13)
</pre></div></td>
<td>12</td>
<td>com.ether.runner.CucumberTestRunner@149494d8</td></tr>
</table><p>
<table width='100%' border='1' class='invocation-passed'>
<tr><td colspan='4' align='center'><b>PASSED TESTS</b></td></tr>
<tr><td><b>Test method</b></td>
<td width="30%"><b>Exception</b></td>
<td width="10%"><b>Time (seconds)</b></td>
<td><b>Instance</b></td>
</tr>
<tr>
<td title='com.ether.runner.CucumberTestRunner.feature()'><b>feature</b><br>Test class: com.ether.runner.CucumberTestRunner<br>Test method: Runs Cucumber Feature<br>Parameters: Schedule an appointment to bank URL</td>
<td></td>
<td>75</td>
<td>com.ether.runner.CucumberTestRunner@149494d8</td></tr>
<tr>
<td title='com.ether.runner.CucumberTestRunner.feature()'><b>feature</b><br>Test class: com.ether.runner.CucumberTestRunner<br>Test method: Runs Cucumber Feature<br>Parameters: DeleteRecipientDetail</td>
<td></td>
<td>23</td>
<td>com.ether.runner.CucumberTestRunner@149494d8</td></tr>
<tr>
<td title='com.ether.runner.CucumberTestRunner.feature()'><b>feature</b><br>Test class: com.ether.runner.CucumberTestRunner<br>Test method: Runs Cucumber Feature<br>Parameters: Registration and Login</td>
<td></td>
<td>135</td>
<td>com.ether.runner.CucumberTestRunner@149494d8</td></tr>
<tr>
<td title='com.ether.runner.CucumberTestRunner.feature()'><b>feature</b><br>Test class: com.ether.runner.CucumberTestRunner<br>Test method: Runs Cucumber Feature<br>Parameters: Logout to bank URL</td>
<td></td>
<td>18</td>
<td>com.ether.runner.CucumberTestRunner@149494d8</td></tr>
<tr>
<td title='com.ether.runner.CucumberTestRunner.feature()'><b>feature</b><br>Test class: com.ether.runner.CucumberTestRunner<br>Test method: Runs Cucumber Feature<br>Parameters: To Verify the Primary Account Pagination and Search</td>
<td></td>
<td>52</td>
<td>com.ether.runner.CucumberTestRunner@149494d8</td></tr>
<tr>
<td title='com.ether.runner.CucumberTestRunner.feature()'><b>feature</b><br>Test class: com.ether.runner.CucumberTestRunner<br>Test method: Runs Cucumber Feature<br>Parameters: Login to FishTech site and verify sort operation</td>
<td></td>
<td>25</td>
<td>com.ether.runner.CucumberTestRunner@149494d8</td></tr>
<tr>
<td title='com.ether.runner.CucumberTestRunner.feature()'><b>feature</b><br>Test class: com.ether.runner.CucumberTestRunner<br>Test method: Runs Cucumber Feature<br>Parameters: Test to Add/Edit Recipient(Benificiary)</td>
<td></td>
<td>113</td>
<td>com.ether.runner.CucumberTestRunner@149494d8</td></tr>
<tr>
<td title='com.ether.runner.CucumberTestRunner.feature()'><b>feature</b><br>Test class: com.ether.runner.CucumberTestRunner<br>Test method: Runs Cucumber Feature<br>Parameters: List of scenarios</td>
<td></td>
<td>46</td>
<td>com.ether.runner.CucumberTestRunner@149494d8</td></tr>
<tr>
<td title='com.ether.runner.CucumberTestRunner.feature()'><b>feature</b><br>Test class: com.ether.runner.CucumberTestRunner<br>Test method: Runs Cucumber Feature<br>Parameters: Transfer amount between accounts</td>
<td></td>
<td>19</td>
<td>com.ether.runner.CucumberTestRunner@149494d8</td></tr>
<tr>
<td title='com.ether.runner.CucumberTestRunner.feature()'><b>feature</b><br>Test class: com.ether.runner.CucumberTestRunner<br>Test method: Runs Cucumber Feature<br>Parameters: HomePage Accounts View Link Check</td>
<td></td>
<td>58</td>
<td>com.ether.runner.CucumberTestRunner@149494d8</td></tr>
<tr>
<td title='com.ether.runner.CucumberTestRunner.feature()'><b>feature</b><br>Test class: com.ether.runner.CucumberTestRunner<br>Test method: Runs Cucumber Feature<br>Parameters: Login with Multiple data</td>
<td></td>
<td>26</td>
<td>com.ether.runner.CucumberTestRunner@149494d8</td></tr>
</table><p>
</body>
</html>