<!DOCTYPE html PUBLIC "-//W3C//DTD XHTML 1.1//EN" "http://www.w3.org/TR/xhtml11/DTD/xhtml11.dtd">
<html xmlns="http://www.w3.org/1999/xhtml">
<head>
<meta http-equiv="content-type" content="text/html; charset=UTF-8"/>
<title>TestNG Report</title>
<style type="text/css">table {margin-bottom:10px;border-collapse:collapse;empty-cells:show}th,td {border:1px solid #009;padding:.25em .5em}th {vertical-align:bottom}td {vertical-align:top}table a {font-weight:bold}.stripe td {background-color: #E6EBF9}.num {text-align:right}.passedodd td {background-color: #3F3}.passedeven td {background-color: #0A0}.skippedodd td {background-color: #DDD}.skippedeven td {background-color: #CCC}.failedodd td,.attn {background-color: #F33}.failedeven td,.stripe .attn {background-color: #D00}.stacktrace {white-space:pre;font-family:monospace}.totop {font-size:85%;text-align:center;border-bottom:2px solid #000}.invisible {display:none}</style>
</head>
<body>
<table>
<tr><th>Test</th><th># Passed</th><th># Skipped</th><th># Failed</th><th>Time (ms)</th><th>Included Groups</th><th>Excluded Groups</th></tr>
<tr><th colspan="7">Default suite</th></tr>
<tr><td><a href="#t0">Default test</a></td><td class="num">11</td><td class="num">0</td><td class="num attn">1</td><td class="num">608,124</td><td></td><td></td></tr>
</table>
<table id='summary'><thead><tr><th>Class</th><th>Method</th><th>Start</th><th>Time (ms)</th></tr></thead><tbody><tr><th colspan="4">Default suite</th></tr></tbody><tbody id="t0"><tr><th colspan="4">Default test &#8212; failed</th></tr><tr class="failedeven"><td rowspan="1">com.ether.runner.CucumberTestRunner</td><td><a href="#m0">feature</a></td><td rowspan="1">1591863879094</td><td rowspan="1">12540</td></tr><tr><th colspan="4">Default test &#8212; passed</th></tr><tr class="passedeven"><td rowspan="11">com.ether.runner.CucumberTestRunner</td><td><a href="#m1">feature</a></td><td rowspan="11">1591863937682</td><td rowspan="11">19725</td></tr><tr class="passedeven"><td><a href="#m2">feature</a></td></tr><tr class="passedeven"><td><a href="#m3">feature</a></td></tr><tr class="passedeven"><td><a href="#m4">feature</a></td></tr><tr class="passedeven"><td><a href="#m5">feature</a></td></tr><tr class="passedeven"><td><a href="#m6">feature</a></td></tr><tr class="passedeven"><td><a href="#m7">feature</a></td></tr><tr class="passedeven"><td><a href="#m8">feature</a></td></tr><tr class="passedeven"><td><a href="#m9">feature</a></td></tr><tr class="passedeven"><td><a href="#m10">feature</a></td></tr><tr class="passedeven"><td><a href="#m11">feature</a></td></tr></tbody>
</table>
<h2>Default test</h2><h3 id="m0">com.ether.runner.CucumberTestRunner#feature</h3><table class="result"><tr class="param"><th>Parameter #1</th></tr><tr class="param stripe"><td>RememberMe Function</td></tr><tr><th>Exception</th></tr><tr><td><div class="stacktrace">cucumber.runtime.CucumberException: java.lang.AssertionError: null
	at cucumber.api.testng.TestNGCucumberRunner.runCucumber(TestNGCucumberRunner.java:69)
	at cucumber.api.testng.AbstractTestNGCucumberTests.feature(AbstractTestNGCucumberTests.java:21)
	at sun.reflect.NativeMethodAccessorImpl.invoke0(Native Method)
	at sun.reflect.NativeMethodAccessorImpl.invoke(Unknown Source)
	at sun.reflect.DelegatingMethodAccessorImpl.invoke(Unknown Source)
	at java.lang.reflect.Method.invoke(Unknown Source)
	at org.testng.internal.MethodInvocationHelper.invokeMethod(MethodInvocationHelper.java:124)
	at org.testng.internal.Invoker.invokeMethod(Invoker.java:580)
	at org.testng.internal.Invoker.invokeTestMethod(Invoker.java:716)
	at org.testng.internal.Invoker.invokeTestMethods(Invoker.java:988)
	at org.testng.internal.TestMethodWorker.invokeTestMethods(TestMethodWorker.java:125)
	at org.testng.internal.TestMethodWorker.run(TestMethodWorker.java:109)
	at org.testng.TestRunner.privateRun(TestRunner.java:648)
	at org.testng.TestRunner.run(TestRunner.java:505)
	at org.testng.SuiteRunner.runTest(SuiteRunner.java:455)
	at org.testng.SuiteRunner.runSequentially(SuiteRunner.java:450)
	at org.testng.SuiteRunner.privateRun(SuiteRunner.java:415)
	at org.testng.SuiteRunner.run(SuiteRunner.java:364)
	at org.testng.SuiteRunnerWorker.runSuite(SuiteRunnerWorker.java:52)
	at org.testng.SuiteRunnerWorker.run(SuiteRunnerWorker.java:84)
	at org.testng.TestNG.runSuitesSequentially(TestNG.java:1208)
	at org.testng.TestNG.runSuitesLocally(TestNG.java:1137)
	at org.testng.TestNG.runSuites(TestNG.java:1049)
	at org.testng.TestNG.run(TestNG.java:1017)
	at org.testng.remote.AbstractRemoteTestNG.run(AbstractRemoteTestNG.java:115)
	at org.testng.remote.RemoteTestNG.initAndRun(RemoteTestNG.java:251)
	at org.testng.remote.RemoteTestNG.main(RemoteTestNG.java:77)
Caused by: java.lang.AssertionError: null
	at org.testng.Assert.fail(Assert.java:96)
	at org.testng.Assert.fail(Assert.java:103)
	at com.ether.steps.SampleTestLogin.verify_default_username_content_in_the_username_textbox(SampleTestLogin.java:91)
	at âœ½.And verify default username content in the username textbox(RememberMe_vineeth.feature:13)
</div></td></tr></table><p class="totop"><a href="#summary">back to summary</a></p>
<h3 id="m1">com.ether.runner.CucumberTestRunner#feature</h3><table class="result"><tr class="param"><th>Parameter #1</th></tr><tr class="param stripe"><td>Transfer amount between accounts</td></tr></table><p class="totop"><a href="#summary">back to summary</a></p>
<h3 id="m2">com.ether.runner.CucumberTestRunner#feature</h3><table class="result"><tr class="param"><th>Parameter #1</th></tr><tr class="param stripe"><td>Logout to bank URL</td></tr></table><p class="totop"><a href="#summary">back to summary</a></p>
<h3 id="m3">com.ether.runner.CucumberTestRunner#feature</h3><table class="result"><tr class="param"><th>Parameter #1</th></tr><tr class="param stripe"><td>HomePage Accounts View Link Check</td></tr></table><p class="totop"><a href="#summary">back to summary</a></p>
<h3 id="m4">com.ether.runner.CucumberTestRunner#feature</h3><table class="result"><tr class="param"><th>Parameter #1</th></tr><tr class="param stripe"><td>To Verify the Primary Account Pagination and Search</td></tr></table><p class="totop"><a href="#summary">back to summary</a></p>
<h3 id="m5">com.ether.runner.CucumberTestRunner#feature</h3><table class="result"><tr class="param"><th>Parameter #1</th></tr><tr class="param stripe"><td>Registration and Login</td></tr></table><p class="totop"><a href="#summary">back to summary</a></p>
<h3 id="m6">com.ether.runner.CucumberTestRunner#feature</h3><table class="result"><tr class="param"><th>Parameter #1</th></tr><tr class="param stripe"><td>Login with Multiple data</td></tr></table><p class="totop"><a href="#summary">back to summary</a></p>
<h3 id="m7">com.ether.runner.CucumberTestRunner#feature</h3><table class="result"><tr class="param"><th>Parameter #1</th></tr><tr class="param stripe"><td>List of scenarios</td></tr></table><p class="totop"><a href="#summary">back to summary</a></p>
<h3 id="m8">com.ether.runner.CucumberTestRunner#feature</h3><table class="result"><tr class="param"><th>Parameter #1</th></tr><tr class="param stripe"><td>DeleteRecipientDetail</td></tr></table><p class="totop"><a href="#summary">back to summary</a></p>
<h3 id="m9">com.ether.runner.CucumberTestRunner#feature</h3><table class="result"><tr class="param"><th>Parameter #1</th></tr><tr class="param stripe"><td>Login to FishTech site and verify sort operation</td></tr></table><p class="totop"><a href="#summary">back to summary</a></p>
<h3 id="m10">com.ether.runner.CucumberTestRunner#feature</h3><table class="result"><tr class="param"><th>Parameter #1</th></tr><tr class="param stripe"><td>Schedule an appointment to bank URL</td></tr></table><p class="totop"><a href="#summary">back to summary</a></p>
<h3 id="m11">com.ether.runner.CucumberTestRunner#feature</h3><table class="result"><tr class="param"><th>Parameter #1</th></tr><tr class="param stripe"><td>Test to Add/Edit Recipient(Benificiary)</td></tr></table><p class="totop"><a href="#summary">back to summary</a></p>
</body>
</html>
